Start testing: Sep 09 16:46 Romance Daylight Time
----------------------------------------------------------
1/10 Testing: test_euler
1/10 Test: test_euler
Command: "C:/Users/zhens/OneDrive/Desktop/ODE Integration Library/build/tests/test_euler.exe"
Directory: C:/Users/zhens/OneDrive/Desktop/ODE Integration Library/build/tests
"test_euler" start time: Sep 09 16:46 Romance Daylight Time
Output:
----------------------------------------------------------

-- Accuracy Test ---------------------------
  Euler value:          3.676954e-01
  Exact value:          3.678794e-01
  Error:                1.840164e-04
[PASSED] Accuracy Test

All test_euler checks passed.
<end of output>
Test time =   0.01 sec
----------------------------------------------------------
Test Passed.
"test_euler" end time: Sep 09 16:46 Romance Daylight Time
"test_euler" time elapsed: 00:00:00
----------------------------------------------------------

2/10 Testing: test_rk4
2/10 Test: test_rk4
Command: "C:/Users/zhens/OneDrive/Desktop/ODE Integration Library/build/tests/test_rk4.exe"
Directory: C:/Users/zhens/OneDrive/Desktop/ODE Integration Library/build/tests
"test_rk4" start time: Sep 09 16:46 Romance Daylight Time
Output:
----------------------------------------------------------

-- Accuracy Test ---------------------------
  RK4 value (h):        3.678795e-01
  Exact value:          3.678794e-01
  Error (h):            1.997610e-08
[PASSED] Accuracy Test

-- Convergence Test ------------------------
  RK4 value (h/2):      3.678794e-01
  Error (h/2):          1.222742e-09
  Error ratio:          1.633713e+01
[PASSED] Convergence Test

-- Euler Comparison Test -------------------
  Euler error:          9.393519e-03
  RK4 error:            1.997610e-08
[PASSED] Euler Comparison Test

All test_rk4 checks passed.
<end of output>
Test time =   0.02 sec
----------------------------------------------------------
Test Passed.
"test_rk4" end time: Sep 09 16:46 Romance Daylight Time
"test_rk4" time elapsed: 00:00:00
----------------------------------------------------------

3/10 Testing: test_scaled_decay_rk4
3/10 Test: test_scaled_decay_rk4
Command: "C:/Users/zhens/OneDrive/Desktop/ODE Integration Library/build/tests/test_scaled_decay_rk4.exe"
Directory: C:/Users/zhens/OneDrive/Desktop/ODE Integration Library/build/tests
"test_scaled_decay_rk4" start time: Sep 09 16:46 Romance Daylight Time
Output:
----------------------------------------------------------

-- Accuracy Test ---------------------------
  RK4 value (h):        6.065307e-01
  Exact value:          6.065307e-01
  Error (h):            1.007980e-09
[PASSED] Accuracy Test

All test_scaled_decay_rk4 checks passed.
<end of output>
Test time =   0.02 sec
----------------------------------------------------------
Test Passed.
"test_scaled_decay_rk4" end time: Sep 09 16:46 Romance Daylight Time
"test_scaled_decay_rk4" time elapsed: 00:00:00
----------------------------------------------------------

4/10 Testing: test_harmonic_oscillator_rk4
4/10 Test: test_harmonic_oscillator_rk4
Command: "C:/Users/zhens/OneDrive/Desktop/ODE Integration Library/build/tests/test_harmonic_oscillator_rk4.exe"
Directory: C:/Users/zhens/OneDrive/Desktop/ODE Integration Library/build/tests
"test_harmonic_oscillator_rk4" start time: Sep 09 16:46 Romance Daylight Time
Output:
----------------------------------------------------------

-- Accuracy Test ---------------------------
  RK4 value (h):        2.223244e+00 2.391337e-01
  Exact value:          2.223244e+00 2.391336e-01
  Error (h):            1.726700e-08 1.151718e-07
[PASSED] Accuracy Test

All test_harmonic_oscillator_rk4 checks passed.
<end of output>
Test time =   0.02 sec
----------------------------------------------------------
Test Passed.
"test_harmonic_oscillator_rk4" end time: Sep 09 16:46 Romance Daylight Time
"test_harmonic_oscillator_rk4" time elapsed: 00:00:00
----------------------------------------------------------

5/10 Testing: test_harmonic_oscillator_adaptive_rk4
5/10 Test: test_harmonic_oscillator_adaptive_rk4
Command: "C:/Users/zhens/OneDrive/Desktop/ODE Integration Library/build/tests/test_harmonic_oscillator_adaptive_rk4.exe"
Directory: C:/Users/zhens/OneDrive/Desktop/ODE Integration Library/build/tests
"test_harmonic_oscillator_adaptive_rk4" start time: Sep 09 16:46 Romance Daylight Time
Output:
----------------------------------------------------------

-- Accuracy Test ---------------------------
  Adaptive RK4 value:   2.223244e+00 2.391337e-01
  Exact value:          2.223244e+00 2.391336e-01
  Error:                1.726700e-08 1.151718e-07
  Final time:           1.000000e+00
[PASSED] Accuracy Test

All test_harmonic_oscillator_adaptive_rk4 checks passed.
<end of output>
Test time =   0.02 sec
----------------------------------------------------------
Test Passed.
"test_harmonic_oscillator_adaptive_rk4" end time: Sep 09 16:46 Romance Daylight Time
"test_harmonic_oscillator_adaptive_rk4" time elapsed: 00:00:00
----------------------------------------------------------

6/10 Testing: test_harmonic_oscillator_rkdp
6/10 Test: test_harmonic_oscillator_rkdp
Command: "C:/Users/zhens/OneDrive/Desktop/ODE Integration Library/build/tests/test_harmonic_oscillator_rkdp.exe"
Directory: C:/Users/zhens/OneDrive/Desktop/ODE Integration Library/build/tests
"test_harmonic_oscillator_rkdp" start time: Sep 09 16:46 Romance Daylight Time
Output:
----------------------------------------------------------

-- Accuracy Test ---------------------------
  RKDP value (h):       2.223244e+00 2.391336e-01
  Exact value:          2.223244e+00 2.391336e-01
  Error (h):            1.906697e-10 3.723080e-11
[PASSED] Accuracy Test

All test_harmonic_oscillator_rkdp checks passed.
<end of output>
Test time =   0.02 sec
----------------------------------------------------------
Test Passed.
"test_harmonic_oscillator_rkdp" end time: Sep 09 16:46 Romance Daylight Time
"test_harmonic_oscillator_rkdp" time elapsed: 00:00:00
----------------------------------------------------------

7/10 Testing: test_harmonic_oscillator_adaptive_rkdp
7/10 Test: test_harmonic_oscillator_adaptive_rkdp
Command: "C:/Users/zhens/OneDrive/Desktop/ODE Integration Library/build/tests/test_harmonic_oscillator_adaptive_rkdp.exe"
Directory: C:/Users/zhens/OneDrive/Desktop/ODE Integration Library/build/tests
"test_harmonic_oscillator_adaptive_rkdp" start time: Sep 09 16:46 Romance Daylight Time
Output:
----------------------------------------------------------

-- Accuracy Test ---------------------------
  Adaptive RKDP value:  2.223244e+00 2.391336e-01
  Exact value:          2.223244e+00 2.391336e-01
  Error:                1.311477e-09 3.140300e-10
  Final time:           1.000000e+00
[PASSED] Accuracy Test

All test_harmonic_oscillator_adaptive_rkdp checks passed.
<end of output>
Test time =   0.01 sec
----------------------------------------------------------
Test Passed.
"test_harmonic_oscillator_adaptive_rkdp" end time: Sep 09 16:46 Romance Daylight Time
"test_harmonic_oscillator_adaptive_rkdp" time elapsed: 00:00:00
----------------------------------------------------------

8/10 Testing: test_gbm_euler_maruyama
8/10 Test: test_gbm_euler_maruyama
Command: "C:/Users/zhens/OneDrive/Desktop/ODE Integration Library/build/tests/test_gbm_euler_maruyama.exe"
Directory: C:/Users/zhens/OneDrive/Desktop/ODE Integration Library/build/tests
"test_gbm_euler_maruyama" start time: Sep 09 16:46 Romance Daylight Time
Output:
----------------------------------------------------------

-- Monte Carlo Average Test ----------------
  Calculated average:   1.103936e+00
  Expected value:       1.105171e+00
  Error:                1.235030e-03
[PASSED] Monte Carlo Average Test

-- Deterministic Path Test -----------------
  t         Euler-Maruyama  Exact           Error           
  0.000000  1.000000        1.000000        0.000000        
  0.050000  1.005012        1.005013        0.000000        
  0.100000  1.010050        1.010050        0.000001        
  0.150000  1.015112        1.015113        0.000001        
  0.200000  1.020200        1.020201        0.000001        
  0.250000  1.025314        1.025315        0.000001        
  0.300000  1.030453        1.030455        0.000002        
  0.350000  1.035618        1.035620        0.000002        
  0.400000  1.040809        1.040811        0.000002        
  0.450000  1.046026        1.046028        0.000002        
  0.500000  1.051268        1.051271        0.000003        
  0.550000  1.056538        1.056541        0.000003        
  0.600000  1.061833        1.061837        0.000003        
  0.650000  1.067156        1.067159        0.000003        
  0.700000  1.072504        1.072508        0.000004        
  0.750000  1.077880        1.077884        0.000004        
  0.800000  1.083283        1.083287        0.000004        
  0.850000  1.088712        1.088717        0.000005        
  0.900000  1.094169        1.094174        0.000005        
  0.950000  1.099654        1.099659        0.000005        
  1.000000  1.105165        1.105171        0.000006        
[PASSED] Deterministic Path Test

All test_gbm_euler_maruyama checks passed.
<end of output>
Test time =   2.63 sec
----------------------------------------------------------
Test Passed.
"test_gbm_euler_maruyama" end time: Sep 09 16:46 Romance Daylight Time
"test_gbm_euler_maruyama" time elapsed: 00:00:02
----------------------------------------------------------

9/10 Testing: test_gbm_milstein
9/10 Test: test_gbm_milstein
Command: "C:/Users/zhens/OneDrive/Desktop/ODE Integration Library/build/tests/test_gbm_milstein.exe"
Directory: C:/Users/zhens/OneDrive/Desktop/ODE Integration Library/build/tests
"test_gbm_milstein" start time: Sep 09 16:46 Romance Daylight Time
Output:
----------------------------------------------------------

-- Monte Carlo Average Test ----------------
  Calculated average:   1.103949e+00
  Expected value:       1.105171e+00
  Error:                1.221728e-03
[PASSED] Monte Carlo Average Test

-- Strong Convergence Test -----------------
  Avg EM error:         7.941321e-04
  Avg Milstein error:   1.865192e-05
[PASSED] Strong Convergence Test

All test_gbm_milstein checks passed.
<end of output>
Test time =   3.91 sec
----------------------------------------------------------
Test Passed.
"test_gbm_milstein" end time: Sep 09 16:46 Romance Daylight Time
"test_gbm_milstein" time elapsed: 00:00:03
----------------------------------------------------------

10/10 Testing: test_heston_model
10/10 Test: test_heston_model
Command: "C:/Users/zhens/OneDrive/Desktop/ODE Integration Library/build/tests/test_heston_model.exe"
Directory: C:/Users/zhens/OneDrive/Desktop/ODE Integration Library/build/tests
"test_heston_model" start time: Sep 09 16:46 Romance Daylight Time
Output:
----------------------------------------------------------
Assertion failed: error < 2 * std::sqrt(meanVariance) && "Heston (xi=0) average S_T deviates too far from GBM expectation", file C:/Users/zhens/OneDrive/Desktop/ODE Integration Library/tests/test_heston_model.cpp, line 59
Average S_T: 104.66
Expected:    105.127
Error:       0.467271
<end of output>
Test time =   9.76 sec
----------------------------------------------------------
Test Failed.
"test_heston_model" end time: Sep 09 16:46 Romance Daylight Time
"test_heston_model" time elapsed: 00:00:09
----------------------------------------------------------

End testing: Sep 09 16:46 Romance Daylight Time
